<?xml version="1.0" encoding="UTF-8"?>
<!-- Generated by org.testng.reporters.JUnitXMLReporter -->
<testsuite ignored="0" hostname="TYSS-Paoja-B-S" failures="0" tests="3" name="Test" time="0.051" errors="0" timestamp="2024-01-24T10:18:44 IST">
  <testcase classname="genericLibrary.BaseTest" name="@BeforeClass LaunchBrowser" time="-1.70607172443E9">
    <failure type="org.testng.TestNGException" message="
Can inject only one of &amp;lt;ITestContext, XmlTest&amp;gt; into a @BeforeClass annotated LaunchBrowser.
For more information on native dependency injection please refer to https://testng.org/doc/documentation-main.html#native-dependency-injection">
      <![CDATA[org.testng.TestNGException: 
Can inject only one of <ITestContext, XmlTest> into a @BeforeClass annotated LaunchBrowser.
For more information on native dependency injection please refer to https://testng.org/doc/documentation-main.html#native-dependency-injection
at java.base/java.util.ArrayList.forEach(ArrayList.java:1511)
... Removed 22 stack frames]]>
    </failure>
  </testcase> <!-- @BeforeClass LaunchBrowser -->
  <testcase classname="genericLibrary.BaseTest" name="@BeforeMethod Login" time="-1.706071724445E9">
    <skipped/>
  </testcase> <!-- @BeforeMethod Login -->
  <testcase classname="genericLibrary.BaseTest" name="@AfterMethod CloseBrowser" time="-1.706071724456E9">
    <skipped/>
  </testcase> <!-- @AfterMethod CloseBrowser -->
  <testcase classname="genericLibrary.BaseTest" name="@AfterMethod Logout" time="-1.706071724456E9">
    <skipped/>
  </testcase> <!-- @AfterMethod Logout -->
  <testcase classname="genericLibrary.BaseTest" name="@BeforeClass LaunchBrowser" time="-1.706071724459E9">
    <failure type="org.testng.TestNGException" message="
Can inject only one of &amp;lt;ITestContext, XmlTest&amp;gt; into a @BeforeClass annotated LaunchBrowser.
For more information on native dependency injection please refer to https://testng.org/doc/documentation-main.html#native-dependency-injection">
      <![CDATA[org.testng.TestNGException: 
Can inject only one of <ITestContext, XmlTest> into a @BeforeClass annotated LaunchBrowser.
For more information on native dependency injection please refer to https://testng.org/doc/documentation-main.html#native-dependency-injection
at java.base/java.util.ArrayList.forEach(ArrayList.java:1511)
... Removed 22 stack frames]]>
    </failure>
  </testcase> <!-- @BeforeClass LaunchBrowser -->
  <testcase classname="genericLibrary.BaseTest" name="@BeforeMethod Login" time="-1.706071724461E9">
    <skipped/>
  </testcase> <!-- @BeforeMethod Login -->
  <testcase classname="genericLibrary.BaseTest" name="@AfterMethod CloseBrowser" time="-1.706071724463E9">
    <skipped/>
  </testcase> <!-- @AfterMethod CloseBrowser -->
  <testcase classname="genericLibrary.BaseTest" name="@AfterMethod Logout" time="-1.706071724464E9">
    <skipped/>
  </testcase> <!-- @AfterMethod Logout -->
  <testcase classname="genericLibrary.BaseTest" name="@BeforeClass LaunchBrowser" time="-1.706071724465E9">
    <failure type="org.testng.TestNGException" message="
Can inject only one of &amp;lt;ITestContext, XmlTest&amp;gt; into a @BeforeClass annotated LaunchBrowser.
For more information on native dependency injection please refer to https://testng.org/doc/documentation-main.html#native-dependency-injection">
      <![CDATA[org.testng.TestNGException: 
Can inject only one of <ITestContext, XmlTest> into a @BeforeClass annotated LaunchBrowser.
For more information on native dependency injection please refer to https://testng.org/doc/documentation-main.html#native-dependency-injection
at java.base/java.util.ArrayList.forEach(ArrayList.java:1511)
... Removed 22 stack frames]]>
    </failure>
  </testcase> <!-- @BeforeClass LaunchBrowser -->
  <testcase classname="genericLibrary.BaseTest" name="@BeforeMethod Login" time="-1.706071724466E9">
    <skipped/>
  </testcase> <!-- @BeforeMethod Login -->
  <testcase classname="genericLibrary.BaseTest" name="@AfterMethod CloseBrowser" time="-1.706071724468E9">
    <skipped/>
  </testcase> <!-- @AfterMethod CloseBrowser -->
  <testcase classname="genericLibrary.BaseTest" name="@AfterMethod Logout" time="-1.706071724469E9">
    <skipped/>
  </testcase> <!-- @AfterMethod Logout -->
  <testcase classname="testScripts.Script1" name="registerTestCase" time="0.0">
    <skipped/>
  </testcase> <!-- registerTestCase -->
  <testcase classname="testScripts.Script2" name="Wishlist" time="0.0">
    <skipped/>
  </testcase> <!-- Wishlist -->
  <testcase classname="testScripts.Script3" name="Cart" time="0.0">
    <skipped/>
  </testcase> <!-- Cart -->
</testsuite> <!-- Test -->
